2024-10-01T15:37:55.585+03:00  INFO 17104 --- [PracticalGuide_2] [main] c.e.p.PracticalGuide2Application         : Starting PracticalGuide2Application using Java 21.0.1 with PID 17104 (C:\Users\RedmiBook\IdeaProjects\ReactiveSpringDemo\PracticalGuide_2\build\classes\java\main started by RedmiBook in C:\Users\RedmiBook\IdeaProjects\ReactiveSpringDemo)
2024-10-01T15:37:55.595+03:00  INFO 17104 --- [PracticalGuide_2] [main] c.e.p.PracticalGuide2Application         : No active profile set, falling back to 1 default profile: "default"
2024-10-01T15:37:56.133+03:00  INFO 17104 --- [PracticalGuide_2] [main] .s.d.r.c.RepositoryConfigurationDelegate : Bootstrapping Spring Data R2DBC repositories in DEFAULT mode.
2024-10-01T15:37:56.328+03:00  INFO 17104 --- [PracticalGuide_2] [main] .s.d.r.c.RepositoryConfigurationDelegate : Finished Spring Data repository scanning in 188 ms. Found 1 R2DBC repository interface.
2024-10-01T15:37:57.781+03:00  WARN 17104 --- [PracticalGuide_2] [main] onfigReactiveWebServerApplicationContext : Exception encountered during context initialization - cancelling refresh attempt: org.springframework.beans.factory.BeanCreationException: Error creating bean with name 'liquibase' defined in class path resource [org/springframework/boot/autoconfigure/liquibase/LiquibaseAutoConfiguration$LiquibaseConfiguration.class]: liquibase.exception.DatabaseException: org.postgresql.util.PSQLException: Connection to localhost:5432 refused. Check that the hostname and port are correct and that the postmaster is accepting TCP/IP connections.
2024-10-01T15:37:57.802+03:00  INFO 17104 --- [PracticalGuide_2] [main] .s.b.a.l.ConditionEvaluationReportLogger : 

Error starting ApplicationContext. To display the condition evaluation report re-run your application with 'debug' enabled.
2024-10-01T15:37:57.823+03:00 ERROR 17104 --- [PracticalGuide_2] [main] o.s.boot.SpringApplication               : Application run failed

org.springframework.beans.factory.BeanCreationException: Error creating bean with name 'liquibase' defined in class path resource [org/springframework/boot/autoconfigure/liquibase/LiquibaseAutoConfiguration$LiquibaseConfiguration.class]: liquibase.exception.DatabaseException: org.postgresql.util.PSQLException: Connection to localhost:5432 refused. Check that the hostname and port are correct and that the postmaster is accepting TCP/IP connections.
	at org.springframework.beans.factory.support.AbstractAutowireCapableBeanFactory.initializeBean(AbstractAutowireCapableBeanFactory.java:1806) ~[spring-beans-6.1.13.jar:6.1.13]
	at org.springframework.beans.factory.support.AbstractAutowireCapableBeanFactory.doCreateBean(AbstractAutowireCapableBeanFactory.java:600) ~[spring-beans-6.1.13.jar:6.1.13]
	at org.springframework.beans.factory.support.AbstractAutowireCapableBeanFactory.createBean(AbstractAutowireCapableBeanFactory.java:522) ~[spring-beans-6.1.13.jar:6.1.13]
	at org.springframework.beans.factory.support.AbstractBeanFactory.lambda$doGetBean$0(AbstractBeanFactory.java:337) ~[spring-beans-6.1.13.jar:6.1.13]
	at org.springframework.beans.factory.support.DefaultSingletonBeanRegistry.getSingleton(DefaultSingletonBeanRegistry.java:234) ~[spring-beans-6.1.13.jar:6.1.13]
	at org.springframework.beans.factory.support.AbstractBeanFactory.doGetBean(AbstractBeanFactory.java:335) ~[spring-beans-6.1.13.jar:6.1.13]
	at org.springframework.beans.factory.support.AbstractBeanFactory.getBean(AbstractBeanFactory.java:200) ~[spring-beans-6.1.13.jar:6.1.13]
	at org.springframework.beans.factory.support.DefaultListableBeanFactory.preInstantiateSingletons(DefaultListableBeanFactory.java:975) ~[spring-beans-6.1.13.jar:6.1.13]
	at org.springframework.context.support.AbstractApplicationContext.finishBeanFactoryInitialization(AbstractApplicationContext.java:971) ~[spring-context-6.1.13.jar:6.1.13]
	at org.springframework.context.support.AbstractApplicationContext.refresh(AbstractApplicationContext.java:625) ~[spring-context-6.1.13.jar:6.1.13]
	at org.springframework.boot.web.reactive.context.ReactiveWebServerApplicationContext.refresh(ReactiveWebServerApplicationContext.java:66) ~[spring-boot-3.3.4.jar:3.3.4]
	at org.springframework.boot.SpringApplication.refresh(SpringApplication.java:754) ~[spring-boot-3.3.4.jar:3.3.4]
	at org.springframework.boot.SpringApplication.refreshContext(SpringApplication.java:456) ~[spring-boot-3.3.4.jar:3.3.4]
	at org.springframework.boot.SpringApplication.run(SpringApplication.java:335) ~[spring-boot-3.3.4.jar:3.3.4]
	at org.springframework.boot.SpringApplication.run(SpringApplication.java:1363) ~[spring-boot-3.3.4.jar:3.3.4]
	at org.springframework.boot.SpringApplication.run(SpringApplication.java:1352) ~[spring-boot-3.3.4.jar:3.3.4]
	at com.example.practicalguide_2.PracticalGuide2Application.main(PracticalGuide2Application.java:10) ~[main/:na]
Caused by: liquibase.exception.UnexpectedLiquibaseException: liquibase.exception.DatabaseException: org.postgresql.util.PSQLException: Connection to localhost:5432 refused. Check that the hostname and port are correct and that the postmaster is accepting TCP/IP connections.
	at liquibase.integration.spring.SpringLiquibase.afterPropertiesSet(SpringLiquibase.java:259) ~[liquibase-core-4.27.0.jar:na]
	at org.springframework.boot.autoconfigure.liquibase.DataSourceClosingSpringLiquibase.afterPropertiesSet(DataSourceClosingSpringLiquibase.java:46) ~[spring-boot-autoconfigure-3.3.4.jar:3.3.4]
	at org.springframework.beans.factory.support.AbstractAutowireCapableBeanFactory.invokeInitMethods(AbstractAutowireCapableBeanFactory.java:1853) ~[spring-beans-6.1.13.jar:6.1.13]
	at org.springframework.beans.factory.support.AbstractAutowireCapableBeanFactory.initializeBean(AbstractAutowireCapableBeanFactory.java:1802) ~[spring-beans-6.1.13.jar:6.1.13]
	... 16 common frames omitted
Caused by: liquibase.exception.DatabaseException: org.postgresql.util.PSQLException: Connection to localhost:5432 refused. Check that the hostname and port are correct and that the postmaster is accepting TCP/IP connections.
	at liquibase.integration.spring.SpringLiquibase.lambda$afterPropertiesSet$0(SpringLiquibase.java:251) ~[liquibase-core-4.27.0.jar:na]
	at liquibase.Scope.lambda$child$0(Scope.java:190) ~[liquibase-core-4.27.0.jar:na]
	at liquibase.Scope.child(Scope.java:199) ~[liquibase-core-4.27.0.jar:na]
	at liquibase.Scope.child(Scope.java:189) ~[liquibase-core-4.27.0.jar:na]
	at liquibase.Scope.child(Scope.java:168) ~[liquibase-core-4.27.0.jar:na]
	at liquibase.Scope.child(Scope.java:256) ~[liquibase-core-4.27.0.jar:na]
	at liquibase.integration.spring.SpringLiquibase.afterPropertiesSet(SpringLiquibase.java:242) ~[liquibase-core-4.27.0.jar:na]
	... 19 common frames omitted
Caused by: org.postgresql.util.PSQLException: Connection to localhost:5432 refused. Check that the hostname and port are correct and that the postmaster is accepting TCP/IP connections.
	at org.postgresql.core.v3.ConnectionFactoryImpl.openConnectionImpl(ConnectionFactoryImpl.java:352) ~[postgresql-42.7.4.jar:42.7.4]
	at org.postgresql.core.ConnectionFactory.openConnection(ConnectionFactory.java:54) ~[postgresql-42.7.4.jar:42.7.4]
	at org.postgresql.jdbc.PgConnection.<init>(PgConnection.java:273) ~[postgresql-42.7.4.jar:42.7.4]
	at org.postgresql.Driver.makeConnection(Driver.java:446) ~[postgresql-42.7.4.jar:42.7.4]
	at org.postgresql.Driver.connect(Driver.java:298) ~[postgresql-42.7.4.jar:42.7.4]
	at org.springframework.jdbc.datasource.SimpleDriverDataSource.getConnectionFromDriver(SimpleDriverDataSource.java:144) ~[spring-jdbc-6.1.13.jar:6.1.13]
	at org.springframework.jdbc.datasource.AbstractDriverBasedDataSource.getConnectionFromDriver(AbstractDriverBasedDataSource.java:205) ~[spring-jdbc-6.1.13.jar:6.1.13]
	at org.springframework.jdbc.datasource.AbstractDriverBasedDataSource.getConnection(AbstractDriverBasedDataSource.java:169) ~[spring-jdbc-6.1.13.jar:6.1.13]
	at liquibase.integration.spring.SpringLiquibase.lambda$afterPropertiesSet$0(SpringLiquibase.java:246) ~[liquibase-core-4.27.0.jar:na]
	... 25 common frames omitted
Caused by: java.net.ConnectException: Connection refused: no further information
	at java.base/sun.nio.ch.Net.pollConnect(Native Method) ~[na:na]
	at java.base/sun.nio.ch.Net.pollConnectNow(Net.java:682) ~[na:na]
	at java.base/sun.nio.ch.NioSocketImpl.timedFinishConnect(NioSocketImpl.java:542) ~[na:na]
	at java.base/sun.nio.ch.NioSocketImpl.connect(NioSocketImpl.java:592) ~[na:na]
	at java.base/java.net.SocksSocketImpl.connect(SocksSocketImpl.java:327) ~[na:na]
	at java.base/java.net.Socket.connect(Socket.java:751) ~[na:na]
	at org.postgresql.core.PGStream.createSocket(PGStream.java:260) ~[postgresql-42.7.4.jar:42.7.4]
	at org.postgresql.core.PGStream.<init>(PGStream.java:121) ~[postgresql-42.7.4.jar:42.7.4]
	at org.postgresql.core.v3.ConnectionFactoryImpl.tryConnect(ConnectionFactoryImpl.java:140) ~[postgresql-42.7.4.jar:42.7.4]
	at org.postgresql.core.v3.ConnectionFactoryImpl.openConnectionImpl(ConnectionFactoryImpl.java:268) ~[postgresql-42.7.4.jar:42.7.4]
	... 33 common frames omitted

2024-10-01T15:38:44.615+03:00  INFO 10920 --- [PracticalGuide_2] [main] c.e.p.PracticalGuide2Application         : Starting PracticalGuide2Application using Java 21.0.1 with PID 10920 (C:\Users\RedmiBook\IdeaProjects\ReactiveSpringDemo\PracticalGuide_2\build\classes\java\main started by RedmiBook in C:\Users\RedmiBook\IdeaProjects\ReactiveSpringDemo)
2024-10-01T15:38:44.617+03:00  INFO 10920 --- [PracticalGuide_2] [main] c.e.p.PracticalGuide2Application         : No active profile set, falling back to 1 default profile: "default"
2024-10-01T15:38:45.199+03:00  INFO 10920 --- [PracticalGuide_2] [main] .s.d.r.c.RepositoryConfigurationDelegate : Bootstrapping Spring Data R2DBC repositories in DEFAULT mode.
2024-10-01T15:38:45.316+03:00  INFO 10920 --- [PracticalGuide_2] [main] .s.d.r.c.RepositoryConfigurationDelegate : Finished Spring Data repository scanning in 114 ms. Found 1 R2DBC repository interface.
2024-10-01T15:38:46.450+03:00  INFO 10920 --- [PracticalGuide_2] [main] liquibase.database                       : Set default schema name to public
2024-10-01T15:38:46.722+03:00  INFO 10920 --- [PracticalGuide_2] [main] liquibase.changelog                      : Reading from public.databasechangelog
2024-10-01T15:38:46.746+03:00  INFO 10920 --- [PracticalGuide_2] [main] liquibase.ui                             : Database is up to date, no changesets to execute
2024-10-01T15:38:46.748+03:00  INFO 10920 --- [PracticalGuide_2] [main] liquibase.changelog                      : Reading from public.databasechangelog
2024-10-01T15:38:46.754+03:00  INFO 10920 --- [PracticalGuide_2] [main] liquibase.util                           : UPDATE SUMMARY
2024-10-01T15:38:46.754+03:00  INFO 10920 --- [PracticalGuide_2] [main] liquibase.util                           : Run:                          0
2024-10-01T15:38:46.754+03:00  INFO 10920 --- [PracticalGuide_2] [main] liquibase.util                           : Previously run:               2
2024-10-01T15:38:46.755+03:00  INFO 10920 --- [PracticalGuide_2] [main] liquibase.util                           : Filtered out:                 0
2024-10-01T15:38:46.755+03:00  INFO 10920 --- [PracticalGuide_2] [main] liquibase.util                           : -------------------------------
2024-10-01T15:38:46.755+03:00  INFO 10920 --- [PracticalGuide_2] [main] liquibase.util                           : Total change sets:            2
2024-10-01T15:38:46.755+03:00  INFO 10920 --- [PracticalGuide_2] [main] liquibase.util                           : Update summary generated
2024-10-01T15:38:46.773+03:00  INFO 10920 --- [PracticalGuide_2] [main] liquibase.lockservice                    : Successfully released change log lock
2024-10-01T15:38:46.775+03:00  INFO 10920 --- [PracticalGuide_2] [main] liquibase.command                        : Command execution complete
2024-10-01T15:38:46.937+03:00  INFO 10920 --- [PracticalGuide_2] [main] o.s.b.web.embedded.netty.NettyWebServer  : Netty started on port 8080 (http)
2024-10-01T15:38:46.952+03:00  INFO 10920 --- [PracticalGuide_2] [main] c.e.p.PracticalGuide2Application         : Started PracticalGuide2Application in 2.83 seconds (process running for 3.437)
2024-10-01T15:39:54.283+03:00 ERROR 10920 --- [PracticalGuide_2] [reactor-tcp-nio-10] a.w.r.e.AbstractErrorWebExceptionHandler : [4406f67e-2]  500 Server Error for HTTP POST "/students"

org.springframework.dao.DuplicateKeyException: executeMany; SQL [INSERT INTO students (name, registered_on, status) VALUES ($1, $2, $3)]; duplicate key value violates unique constraint "students_pkey"
	at org.springframework.r2dbc.connection.ConnectionFactoryUtils.convertR2dbcException(ConnectionFactoryUtils.java:245) ~[spring-r2dbc-6.1.13.jar:6.1.13]
	Suppressed: reactor.core.publisher.FluxOnAssembly$OnAssemblyException: 
Error has been observed at the following site(s):
	*__checkpoint ⇢ Handler com.example.practicalguide_2.controller.StudentsController#addStudent(Students) [DispatcherHandler]
	*__checkpoint ⇢ HTTP POST "/students" [ExceptionHandlingWebHandler]
Original Stack Trace:
		at org.springframework.r2dbc.connection.ConnectionFactoryUtils.convertR2dbcException(ConnectionFactoryUtils.java:245) ~[spring-r2dbc-6.1.13.jar:6.1.13]
		at org.springframework.r2dbc.core.DefaultDatabaseClient.lambda$inConnectionMany$8(DefaultDatabaseClient.java:156) ~[spring-r2dbc-6.1.13.jar:6.1.13]
		at reactor.core.publisher.Flux.lambda$onErrorMap$29(Flux.java:7310) ~[reactor-core-3.6.10.jar:3.6.10]
		at reactor.core.publisher.Flux.lambda$onErrorResume$30(Flux.java:7363) ~[reactor-core-3.6.10.jar:3.6.10]
		at reactor.core.publisher.FluxOnErrorResume$ResumeSubscriber.onError(FluxOnErrorResume.java:94) ~[reactor-core-3.6.10.jar:3.6.10]
		at reactor.core.publisher.FluxUsingWhen$UsingWhenSubscriber.deferredError(FluxUsingWhen.java:403) ~[reactor-core-3.6.10.jar:3.6.10]
		at reactor.core.publisher.FluxUsingWhen$RollbackInner.onComplete(FluxUsingWhen.java:480) ~[reactor-core-3.6.10.jar:3.6.10]
		at reactor.core.publisher.Operators$MultiSubscriptionSubscriber.onComplete(Operators.java:2231) ~[reactor-core-3.6.10.jar:3.6.10]
		at reactor.core.publisher.FluxPeek$PeekSubscriber.onComplete(FluxPeek.java:260) ~[reactor-core-3.6.10.jar:3.6.10]
		at reactor.core.publisher.Operators$MultiSubscriptionSubscriber.onComplete(Operators.java:2231) ~[reactor-core-3.6.10.jar:3.6.10]
		at reactor.core.publisher.MonoIgnoreThen$ThenIgnoreMain.onComplete(MonoIgnoreThen.java:210) ~[reactor-core-3.6.10.jar:3.6.10]
		at reactor.core.publisher.MonoIgnoreThen$ThenIgnoreMain.onComplete(MonoIgnoreThen.java:210) ~[reactor-core-3.6.10.jar:3.6.10]
		at reactor.pool.SimpleDequePool.maybeRecycleAndDrain(SimpleDequePool.java:540) ~[reactor-pool-1.0.8.jar:1.0.8]
		at reactor.pool.SimpleDequePool$QueuePoolRecyclerInner.onComplete(SimpleDequePool.java:781) ~[reactor-pool-1.0.8.jar:1.0.8]
		at reactor.core.publisher.Operators.complete(Operators.java:137) ~[reactor-core-3.6.10.jar:3.6.10]
		at reactor.core.publisher.MonoEmpty.subscribe(MonoEmpty.java:46) ~[reactor-core-3.6.10.jar:3.6.10]
		at reactor.core.publisher.Mono.subscribe(Mono.java:4576) ~[reactor-core-3.6.10.jar:3.6.10]
		at reactor.pool.SimpleDequePool$QueuePoolRecyclerMono.subscribe(SimpleDequePool.java:893) ~[reactor-pool-1.0.8.jar:1.0.8]
		at reactor.core.publisher.MonoDefer.subscribe(MonoDefer.java:53) ~[reactor-core-3.6.10.jar:3.6.10]
		at reactor.core.publisher.MonoIgnoreThen$ThenIgnoreMain.subscribeNext(MonoIgnoreThen.java:241) ~[reactor-core-3.6.10.jar:3.6.10]
		at reactor.core.publisher.MonoIgnoreThen$ThenIgnoreMain.onComplete(MonoIgnoreThen.java:204) ~[reactor-core-3.6.10.jar:3.6.10]
		at reactor.core.publisher.FluxPeek$PeekSubscriber.onComplete(FluxPeek.java:260) ~[reactor-core-3.6.10.jar:3.6.10]
		at reactor.core.publisher.Operators.complete(Operators.java:137) ~[reactor-core-3.6.10.jar:3.6.10]
		at reactor.core.publisher.MonoEmpty.subscribe(MonoEmpty.java:46) ~[reactor-core-3.6.10.jar:3.6.10]
		at reactor.core.publisher.Mono.subscribe(Mono.java:4576) ~[reactor-core-3.6.10.jar:3.6.10]
		at reactor.core.publisher.MonoIgnoreThen$ThenIgnoreMain.subscribeNext(MonoIgnoreThen.java:265) ~[reactor-core-3.6.10.jar:3.6.10]
		at reactor.core.publisher.MonoIgnoreThen.subscribe(MonoIgnoreThen.java:51) ~[reactor-core-3.6.10.jar:3.6.10]
		at reactor.core.publisher.MonoDefer.subscribe(MonoDefer.java:53) ~[reactor-core-3.6.10.jar:3.6.10]
		at reactor.core.publisher.MonoIgnoreThen$ThenIgnoreMain.subscribeNext(MonoIgnoreThen.java:241) ~[reactor-core-3.6.10.jar:3.6.10]
		at reactor.core.publisher.MonoIgnoreThen$ThenIgnoreMain.onComplete(MonoIgnoreThen.java:204) ~[reactor-core-3.6.10.jar:3.6.10]
		at reactor.core.publisher.MonoIgnoreElements$IgnoreElementsSubscriber.onComplete(MonoIgnoreElements.java:89) ~[reactor-core-3.6.10.jar:3.6.10]
		at reactor.core.publisher.FluxHandleFuseable$HandleFuseableSubscriber.onComplete(FluxHandleFuseable.java:239) ~[reactor-core-3.6.10.jar:3.6.10]
		at reactor.core.publisher.MonoSupplier$MonoSupplierSubscription.request(MonoSupplier.java:148) ~[reactor-core-3.6.10.jar:3.6.10]
		at reactor.core.publisher.FluxHandleFuseable$HandleFuseableSubscriber.request(FluxHandleFuseable.java:260) ~[reactor-core-3.6.10.jar:3.6.10]
		at reactor.core.publisher.MonoIgnoreElements$IgnoreElementsSubscriber.onSubscribe(MonoIgnoreElements.java:72) ~[reactor-core-3.6.10.jar:3.6.10]
		at reactor.core.publisher.FluxHandleFuseable$HandleFuseableSubscriber.onSubscribe(FluxHandleFuseable.java:164) ~[reactor-core-3.6.10.jar:3.6.10]
		at reactor.core.publisher.MonoSupplier.subscribe(MonoSupplier.java:48) ~[reactor-core-3.6.10.jar:3.6.10]
		at reactor.core.publisher.Mono.subscribe(Mono.java:4576) ~[reactor-core-3.6.10.jar:3.6.10]
		at reactor.core.publisher.MonoIgnoreThen$ThenIgnoreMain.subscribeNext(MonoIgnoreThen.java:265) ~[reactor-core-3.6.10.jar:3.6.10]
		at reactor.core.publisher.MonoIgnoreThen.subscribe(MonoIgnoreThen.java:51) ~[reactor-core-3.6.10.jar:3.6.10]
		at reactor.core.publisher.InternalMonoOperator.subscribe(InternalMonoOperator.java:76) ~[reactor-core-3.6.10.jar:3.6.10]
		at reactor.core.publisher.MonoDefer.subscribe(MonoDefer.java:53) ~[reactor-core-3.6.10.jar:3.6.10]
		at reactor.core.publisher.Mono.subscribe(Mono.java:4576) ~[reactor-core-3.6.10.jar:3.6.10]
		at reactor.core.publisher.FluxOnErrorResume$ResumeSubscriber.onError(FluxOnErrorResume.java:103) ~[reactor-core-3.6.10.jar:3.6.10]
		at reactor.core.publisher.MonoIgnoreElements$IgnoreElementsSubscriber.onError(MonoIgnoreElements.java:84) ~[reactor-core-3.6.10.jar:3.6.10]
		at reactor.core.publisher.FluxMap$MapSubscriber.onError(FluxMap.java:134) ~[reactor-core-3.6.10.jar:3.6.10]
		at reactor.core.publisher.FluxFilter$FilterSubscriber.onError(FluxFilter.java:157) ~[reactor-core-3.6.10.jar:3.6.10]
		at reactor.core.publisher.FluxFilter$FilterConditionalSubscriber.onError(FluxFilter.java:291) ~[reactor-core-3.6.10.jar:3.6.10]
		at reactor.core.publisher.FluxMap$MapConditionalSubscriber.onError(FluxMap.java:265) ~[reactor-core-3.6.10.jar:3.6.10]
		at reactor.core.publisher.Operators.error(Operators.java:198) ~[reactor-core-3.6.10.jar:3.6.10]
		at reactor.core.publisher.MonoError.subscribe(MonoError.java:53) ~[reactor-core-3.6.10.jar:3.6.10]
		at reactor.core.publisher.MonoDeferContextual.subscribe(MonoDeferContextual.java:55) ~[reactor-core-3.6.10.jar:3.6.10]
		at reactor.core.publisher.InternalMonoOperator.subscribe(InternalMonoOperator.java:76) ~[reactor-core-3.6.10.jar:3.6.10]
		at reactor.core.publisher.MonoDefer.subscribe(MonoDefer.java:53) ~[reactor-core-3.6.10.jar:3.6.10]
		at reactor.core.publisher.Mono.subscribe(Mono.java:4576) ~[reactor-core-3.6.10.jar:3.6.10]
		at reactor.core.publisher.FluxUsingWhen$UsingWhenSubscriber.onError(FluxUsingWhen.java:368) ~[reactor-core-3.6.10.jar:3.6.10]
		at reactor.core.publisher.FluxFlatMap$FlatMapMain.checkTerminated(FluxFlatMap.java:846) ~[reactor-core-3.6.10.jar:3.6.10]
		at reactor.core.publisher.FluxFlatMap$FlatMapMain.drainLoop(FluxFlatMap.java:612) ~[reactor-core-3.6.10.jar:3.6.10]
		at reactor.core.publisher.FluxFlatMap$FlatMapMain.drain(FluxFlatMap.java:592) ~[reactor-core-3.6.10.jar:3.6.10]
		at reactor.core.publisher.FluxFlatMap$FlatMapMain.innerError(FluxFlatMap.java:867) ~[reactor-core-3.6.10.jar:3.6.10]
		at reactor.core.publisher.FluxFlatMap$FlatMapInner.onError(FluxFlatMap.java:994) ~[reactor-core-3.6.10.jar:3.6.10]
		at reactor.core.publisher.FluxHandle$HandleSubscriber.onError(FluxHandle.java:213) ~[reactor-core-3.6.10.jar:3.6.10]
		at reactor.core.publisher.MonoFlatMapMany$FlatMapManyInner.onError(MonoFlatMapMany.java:256) ~[reactor-core-3.6.10.jar:3.6.10]
		at reactor.core.publisher.FluxHandleFuseable$HandleFuseableSubscriber.onNext(FluxHandleFuseable.java:201) ~[reactor-core-3.6.10.jar:3.6.10]
		at reactor.core.publisher.FluxFilterFuseable$FilterFuseableConditionalSubscriber.onNext(FluxFilterFuseable.java:337) ~[reactor-core-3.6.10.jar:3.6.10]
		at reactor.core.publisher.FluxContextWrite$ContextWriteSubscriber.onNext(FluxContextWrite.java:107) ~[reactor-core-3.6.10.jar:3.6.10]
		at reactor.core.publisher.FluxPeekFuseable$PeekConditionalSubscriber.onNext(FluxPeekFuseable.java:854) ~[reactor-core-3.6.10.jar:3.6.10]
		at reactor.core.publisher.FluxPeekFuseable$PeekConditionalSubscriber.onNext(FluxPeekFuseable.java:854) ~[reactor-core-3.6.10.jar:3.6.10]
		at io.r2dbc.postgresql.util.FluxDiscardOnCancel$FluxDiscardOnCancelSubscriber.onNext(FluxDiscardOnCancel.java:91) ~[r2dbc-postgresql-1.0.5.RELEASE.jar:1.0.5.RELEASE]
		at reactor.core.publisher.FluxDoFinally$DoFinallySubscriber.onNext(FluxDoFinally.java:113) ~[reactor-core-3.6.10.jar:3.6.10]
		at reactor.core.publisher.FluxHandle$HandleSubscriber.onNext(FluxHandle.java:129) ~[reactor-core-3.6.10.jar:3.6.10]
		at reactor.core.publisher.FluxCreate$BufferAsyncSink.drain(FluxCreate.java:880) ~[reactor-core-3.6.10.jar:3.6.10]
		at reactor.core.publisher.FluxCreate$BufferAsyncSink.next(FluxCreate.java:805) ~[reactor-core-3.6.10.jar:3.6.10]
		at reactor.core.publisher.FluxCreate$SerializedFluxSink.next(FluxCreate.java:163) ~[reactor-core-3.6.10.jar:3.6.10]
		at io.r2dbc.postgresql.client.ReactorNettyClient$Conversation.emit(ReactorNettyClient.java:684) ~[r2dbc-postgresql-1.0.5.RELEASE.jar:1.0.5.RELEASE]
		at io.r2dbc.postgresql.client.ReactorNettyClient$BackendMessageSubscriber.emit(ReactorNettyClient.java:936) ~[r2dbc-postgresql-1.0.5.RELEASE.jar:1.0.5.RELEASE]
		at io.r2dbc.postgresql.client.ReactorNettyClient$BackendMessageSubscriber.onNext(ReactorNettyClient.java:810) ~[r2dbc-postgresql-1.0.5.RELEASE.jar:1.0.5.RELEASE]
		at io.r2dbc.postgresql.client.ReactorNettyClient$BackendMessageSubscriber.onNext(ReactorNettyClient.java:716) ~[r2dbc-postgresql-1.0.5.RELEASE.jar:1.0.5.RELEASE]
		at reactor.core.publisher.FluxHandle$HandleSubscriber.onNext(FluxHandle.java:129) ~[reactor-core-3.6.10.jar:3.6.10]
		at reactor.core.publisher.FluxPeekFuseable$PeekConditionalSubscriber.onNext(FluxPeekFuseable.java:854) ~[reactor-core-3.6.10.jar:3.6.10]
		at reactor.core.publisher.FluxMap$MapConditionalSubscriber.onNext(FluxMap.java:224) ~[reactor-core-3.6.10.jar:3.6.10]
		at reactor.core.publisher.FluxMap$MapConditionalSubscriber.onNext(FluxMap.java:224) ~[reactor-core-3.6.10.jar:3.6.10]
		at reactor.netty.channel.FluxReceive.drainReceiver(FluxReceive.java:294) ~[reactor-netty-core-1.1.22.jar:1.1.22]
		at reactor.netty.channel.FluxReceive.onInboundNext(FluxReceive.java:403) ~[reactor-netty-core-1.1.22.jar:1.1.22]
		at reactor.netty.channel.ChannelOperations.onInboundNext(ChannelOperations.java:425) ~[reactor-netty-core-1.1.22.jar:1.1.22]
		at reactor.netty.channel.ChannelOperationsHandler.channelRead(ChannelOperationsHandler.java:115) ~[reactor-netty-core-1.1.22.jar:1.1.22]
		at io.netty.channel.AbstractChannelHandlerContext.invokeChannelRead(AbstractChannelHandlerContext.java:444) ~[netty-transport-4.1.113.Final.jar:4.1.113.Final]
		at io.netty.channel.AbstractChannelHandlerContext.invokeChannelRead(AbstractChannelHandlerContext.java:420) ~[netty-transport-4.1.113.Final.jar:4.1.113.Final]
		at io.netty.channel.AbstractChannelHandlerContext.fireChannelRead(AbstractChannelHandlerContext.java:412) ~[netty-transport-4.1.113.Final.jar:4.1.113.Final]
		at io.netty.handler.codec.ByteToMessageDecoder.fireChannelRead(ByteToMessageDecoder.java:346) ~[netty-codec-4.1.113.Final.jar:4.1.113.Final]
		at io.netty.handler.codec.ByteToMessageDecoder.channelRead(ByteToMessageDecoder.java:318) ~[netty-codec-4.1.113.Final.jar:4.1.113.Final]
		at io.netty.channel.AbstractChannelHandlerContext.invokeChannelRead(AbstractChannelHandlerContext.java:444) ~[netty-transport-4.1.113.Final.jar:4.1.113.Final]
		at io.netty.channel.AbstractChannelHandlerContext.invokeChannelRead(AbstractChannelHandlerContext.java:420) ~[netty-transport-4.1.113.Final.jar:4.1.113.Final]
		at io.netty.channel.AbstractChannelHandlerContext.fireChannelRead(AbstractChannelHandlerContext.java:412) ~[netty-transport-4.1.113.Final.jar:4.1.113.Final]
		at io.netty.channel.DefaultChannelPipeline$HeadContext.channelRead(DefaultChannelPipeline.java:1357) ~[netty-transport-4.1.113.Final.jar:4.1.113.Final]
		at io.netty.channel.AbstractChannelHandlerContext.invokeChannelRead(AbstractChannelHandlerContext.java:440) ~[netty-transport-4.1.113.Final.jar:4.1.113.Final]
		at io.netty.channel.AbstractChannelHandlerContext.invokeChannelRead(AbstractChannelHandlerContext.java:420) ~[netty-transport-4.1.113.Final.jar:4.1.113.Final]
		at io.netty.channel.DefaultChannelPipeline.fireChannelRead(DefaultChannelPipeline.java:868) ~[netty-transport-4.1.113.Final.jar:4.1.113.Final]
		at io.netty.channel.nio.AbstractNioByteChannel$NioByteUnsafe.read(AbstractNioByteChannel.java:166) ~[netty-transport-4.1.113.Final.jar:4.1.113.Final]
		at io.netty.channel.nio.NioEventLoop.processSelectedKey(NioEventLoop.java:788) ~[netty-transport-4.1.113.Final.jar:4.1.113.Final]
		at io.netty.channel.nio.NioEventLoop.processSelectedKeysOptimized(NioEventLoop.java:724) ~[netty-transport-4.1.113.Final.jar:4.1.113.Final]
		at io.netty.channel.nio.NioEventLoop.processSelectedKeys(NioEventLoop.java:650) ~[netty-transport-4.1.113.Final.jar:4.1.113.Final]
		at io.netty.channel.nio.NioEventLoop.run(NioEventLoop.java:562) ~[netty-transport-4.1.113.Final.jar:4.1.113.Final]
		at io.netty.util.concurrent.SingleThreadEventExecutor$4.run(SingleThreadEventExecutor.java:997) ~[netty-common-4.1.113.Final.jar:4.1.113.Final]
		at io.netty.util.internal.ThreadExecutorMap$2.run(ThreadExecutorMap.java:74) ~[netty-common-4.1.113.Final.jar:4.1.113.Final]
		at io.netty.util.concurrent.FastThreadLocalRunnable.run(FastThreadLocalRunnable.java:30) ~[netty-common-4.1.113.Final.jar:4.1.113.Final]
		at java.base/java.lang.Thread.run(Thread.java:1583) ~[na:na]
Caused by: io.r2dbc.postgresql.ExceptionFactory$PostgresqlDataIntegrityViolationException: duplicate key value violates unique constraint "students_pkey"
	at io.r2dbc.postgresql.ExceptionFactory.createException(ExceptionFactory.java:102) ~[r2dbc-postgresql-1.0.5.RELEASE.jar:1.0.5.RELEASE]
	at io.r2dbc.postgresql.ExceptionFactory.createException(ExceptionFactory.java:65) ~[r2dbc-postgresql-1.0.5.RELEASE.jar:1.0.5.RELEASE]
	at io.r2dbc.postgresql.ExceptionFactory.handleErrorResponse(ExceptionFactory.java:132) ~[r2dbc-postgresql-1.0.5.RELEASE.jar:1.0.5.RELEASE]
	at reactor.core.publisher.FluxHandleFuseable$HandleFuseableSubscriber.onNext(FluxHandleFuseable.java:179) ~[reactor-core-3.6.10.jar:3.6.10]
	at reactor.core.publisher.FluxFilterFuseable$FilterFuseableConditionalSubscriber.onNext(FluxFilterFuseable.java:337) ~[reactor-core-3.6.10.jar:3.6.10]
	at reactor.core.publisher.FluxContextWrite$ContextWriteSubscriber.onNext(FluxContextWrite.java:107) ~[reactor-core-3.6.10.jar:3.6.10]
	at reactor.core.publisher.FluxPeekFuseable$PeekConditionalSubscriber.onNext(FluxPeekFuseable.java:854) ~[reactor-core-3.6.10.jar:3.6.10]
	at reactor.core.publisher.FluxPeekFuseable$PeekConditionalSubscriber.onNext(FluxPeekFuseable.java:854) ~[reactor-core-3.6.10.jar:3.6.10]
	at io.r2dbc.postgresql.util.FluxDiscardOnCancel$FluxDiscardOnCancelSubscriber.onNext(FluxDiscardOnCancel.java:91) ~[r2dbc-postgresql-1.0.5.RELEASE.jar:1.0.5.RELEASE]
	at reactor.core.publisher.FluxDoFinally$DoFinallySubscriber.onNext(FluxDoFinally.java:113) ~[reactor-core-3.6.10.jar:3.6.10]
	at reactor.core.publisher.FluxHandle$HandleSubscriber.onNext(FluxHandle.java:129) ~[reactor-core-3.6.10.jar:3.6.10]
	at reactor.core.publisher.FluxCreate$BufferAsyncSink.drain(FluxCreate.java:880) ~[reactor-core-3.6.10.jar:3.6.10]
	at reactor.core.publisher.FluxCreate$BufferAsyncSink.next(FluxCreate.java:805) ~[reactor-core-3.6.10.jar:3.6.10]
	at reactor.core.publisher.FluxCreate$SerializedFluxSink.next(FluxCreate.java:163) ~[reactor-core-3.6.10.jar:3.6.10]
	at io.r2dbc.postgresql.client.ReactorNettyClient$Conversation.emit(ReactorNettyClient.java:684) ~[r2dbc-postgresql-1.0.5.RELEASE.jar:1.0.5.RELEASE]
	at io.r2dbc.postgresql.client.ReactorNettyClient$BackendMessageSubscriber.emit(ReactorNettyClient.java:936) ~[r2dbc-postgresql-1.0.5.RELEASE.jar:1.0.5.RELEASE]
	at io.r2dbc.postgresql.client.ReactorNettyClient$BackendMessageSubscriber.onNext(ReactorNettyClient.java:810) ~[r2dbc-postgresql-1.0.5.RELEASE.jar:1.0.5.RELEASE]
	at io.r2dbc.postgresql.client.ReactorNettyClient$BackendMessageSubscriber.onNext(ReactorNettyClient.java:716) ~[r2dbc-postgresql-1.0.5.RELEASE.jar:1.0.5.RELEASE]
	at reactor.core.publisher.FluxHandle$HandleSubscriber.onNext(FluxHandle.java:129) ~[reactor-core-3.6.10.jar:3.6.10]
	at reactor.core.publisher.FluxPeekFuseable$PeekConditionalSubscriber.onNext(FluxPeekFuseable.java:854) ~[reactor-core-3.6.10.jar:3.6.10]
	at reactor.core.publisher.FluxMap$MapConditionalSubscriber.onNext(FluxMap.java:224) ~[reactor-core-3.6.10.jar:3.6.10]
	at reactor.core.publisher.FluxMap$MapConditionalSubscriber.onNext(FluxMap.java:224) ~[reactor-core-3.6.10.jar:3.6.10]
	at reactor.netty.channel.FluxReceive.drainReceiver(FluxReceive.java:294) ~[reactor-netty-core-1.1.22.jar:1.1.22]
	at reactor.netty.channel.FluxReceive.onInboundNext(FluxReceive.java:403) ~[reactor-netty-core-1.1.22.jar:1.1.22]
	at reactor.netty.channel.ChannelOperations.onInboundNext(ChannelOperations.java:425) ~[reactor-netty-core-1.1.22.jar:1.1.22]
	at reactor.netty.channel.ChannelOperationsHandler.channelRead(ChannelOperationsHandler.java:115) ~[reactor-netty-core-1.1.22.jar:1.1.22]
	at io.netty.channel.AbstractChannelHandlerContext.invokeChannelRead(AbstractChannelHandlerContext.java:444) ~[netty-transport-4.1.113.Final.jar:4.1.113.Final]
	at io.netty.channel.AbstractChannelHandlerContext.invokeChannelRead(AbstractChannelHandlerContext.java:420) ~[netty-transport-4.1.113.Final.jar:4.1.113.Final]
	at io.netty.channel.AbstractChannelHandlerContext.fireChannelRead(AbstractChannelHandlerContext.java:412) ~[netty-transport-4.1.113.Final.jar:4.1.113.Final]
	at io.netty.handler.codec.ByteToMessageDecoder.fireChannelRead(ByteToMessageDecoder.java:346) ~[netty-codec-4.1.113.Final.jar:4.1.113.Final]
	at io.netty.handler.codec.ByteToMessageDecoder.channelRead(ByteToMessageDecoder.java:318) ~[netty-codec-4.1.113.Final.jar:4.1.113.Final]
	at io.netty.channel.AbstractChannelHandlerContext.invokeChannelRead(AbstractChannelHandlerContext.java:444) ~[netty-transport-4.1.113.Final.jar:4.1.113.Final]
	at io.netty.channel.AbstractChannelHandlerContext.invokeChannelRead(AbstractChannelHandlerContext.java:420) ~[netty-transport-4.1.113.Final.jar:4.1.113.Final]
	at io.netty.channel.AbstractChannelHandlerContext.fireChannelRead(AbstractChannelHandlerContext.java:412) ~[netty-transport-4.1.113.Final.jar:4.1.113.Final]
	at io.netty.channel.DefaultChannelPipeline$HeadContext.channelRead(DefaultChannelPipeline.java:1357) ~[netty-transport-4.1.113.Final.jar:4.1.113.Final]
	at io.netty.channel.AbstractChannelHandlerContext.invokeChannelRead(AbstractChannelHandlerContext.java:440) ~[netty-transport-4.1.113.Final.jar:4.1.113.Final]
	at io.netty.channel.AbstractChannelHandlerContext.invokeChannelRead(AbstractChannelHandlerContext.java:420) ~[netty-transport-4.1.113.Final.jar:4.1.113.Final]
	at io.netty.channel.DefaultChannelPipeline.fireChannelRead(DefaultChannelPipeline.java:868) ~[netty-transport-4.1.113.Final.jar:4.1.113.Final]
	at io.netty.channel.nio.AbstractNioByteChannel$NioByteUnsafe.read(AbstractNioByteChannel.java:166) ~[netty-transport-4.1.113.Final.jar:4.1.113.Final]
	at io.netty.channel.nio.NioEventLoop.processSelectedKey(NioEventLoop.java:788) ~[netty-transport-4.1.113.Final.jar:4.1.113.Final]
	at io.netty.channel.nio.NioEventLoop.processSelectedKeysOptimized(NioEventLoop.java:724) ~[netty-transport-4.1.113.Final.jar:4.1.113.Final]
	at io.netty.channel.nio.NioEventLoop.processSelectedKeys(NioEventLoop.java:650) ~[netty-transport-4.1.113.Final.jar:4.1.113.Final]
	at io.netty.channel.nio.NioEventLoop.run(NioEventLoop.java:562) ~[netty-transport-4.1.113.Final.jar:4.1.113.Final]
	at io.netty.util.concurrent.SingleThreadEventExecutor$4.run(SingleThreadEventExecutor.java:997) ~[netty-common-4.1.113.Final.jar:4.1.113.Final]
	at io.netty.util.internal.ThreadExecutorMap$2.run(ThreadExecutorMap.java:74) ~[netty-common-4.1.113.Final.jar:4.1.113.Final]
	at io.netty.util.concurrent.FastThreadLocalRunnable.run(FastThreadLocalRunnable.java:30) ~[netty-common-4.1.113.Final.jar:4.1.113.Final]
	at java.base/java.lang.Thread.run(Thread.java:1583) ~[na:na]

2024-10-01T15:51:06.128+03:00  INFO 15952 --- [PracticalGuide_2] [main] c.e.p.PracticalGuide2Application         : Starting PracticalGuide2Application using Java 21.0.1 with PID 15952 (C:\Users\RedmiBook\IdeaProjects\ReactiveSpringDemo\PracticalGuide_2\build\classes\java\main started by RedmiBook in C:\Users\RedmiBook\IdeaProjects\ReactiveSpringDemo)
2024-10-01T15:51:06.130+03:00  INFO 15952 --- [PracticalGuide_2] [main] c.e.p.PracticalGuide2Application         : No active profile set, falling back to 1 default profile: "default"
2024-10-01T15:51:06.612+03:00  INFO 15952 --- [PracticalGuide_2] [main] .s.d.r.c.RepositoryConfigurationDelegate : Multiple Spring Data modules found, entering strict repository configuration mode
2024-10-01T15:51:06.615+03:00  INFO 15952 --- [PracticalGuide_2] [main] .s.d.r.c.RepositoryConfigurationDelegate : Bootstrapping Spring Data R2DBC repositories in DEFAULT mode.
2024-10-01T15:51:06.756+03:00  INFO 15952 --- [PracticalGuide_2] [main] .s.d.r.c.RepositoryConfigurationDelegate : Finished Spring Data repository scanning in 136 ms. Found 1 R2DBC repository interface.
2024-10-01T15:51:08.104+03:00  INFO 15952 --- [PracticalGuide_2] [main] liquibase.database                       : Set default schema name to public
2024-10-01T15:51:08.371+03:00  INFO 15952 --- [PracticalGuide_2] [main] liquibase.changelog                      : Reading from public.databasechangelog
2024-10-01T15:51:08.397+03:00  INFO 15952 --- [PracticalGuide_2] [main] liquibase.ui                             : Database is up to date, no changesets to execute
2024-10-01T15:51:08.398+03:00  INFO 15952 --- [PracticalGuide_2] [main] liquibase.changelog                      : Reading from public.databasechangelog
2024-10-01T15:51:08.404+03:00  INFO 15952 --- [PracticalGuide_2] [main] liquibase.util                           : UPDATE SUMMARY
2024-10-01T15:51:08.404+03:00  INFO 15952 --- [PracticalGuide_2] [main] liquibase.util                           : Run:                          0
2024-10-01T15:51:08.404+03:00  INFO 15952 --- [PracticalGuide_2] [main] liquibase.util                           : Previously run:               2
2024-10-01T15:51:08.405+03:00  INFO 15952 --- [PracticalGuide_2] [main] liquibase.util                           : Filtered out:                 0
2024-10-01T15:51:08.405+03:00  INFO 15952 --- [PracticalGuide_2] [main] liquibase.util                           : -------------------------------
2024-10-01T15:51:08.405+03:00  INFO 15952 --- [PracticalGuide_2] [main] liquibase.util                           : Total change sets:            2
2024-10-01T15:51:08.405+03:00  INFO 15952 --- [PracticalGuide_2] [main] liquibase.util                           : Update summary generated
2024-10-01T15:51:08.425+03:00  INFO 15952 --- [PracticalGuide_2] [main] liquibase.lockservice                    : Successfully released change log lock
2024-10-01T15:51:08.426+03:00  INFO 15952 --- [PracticalGuide_2] [main] liquibase.command                        : Command execution complete
2024-10-01T15:51:08.586+03:00  INFO 15952 --- [PracticalGuide_2] [main] o.s.b.web.embedded.netty.NettyWebServer  : Netty started on port 8080 (http)
2024-10-01T15:51:08.593+03:00  INFO 15952 --- [PracticalGuide_2] [main] c.e.p.PracticalGuide2Application         : Started PracticalGuide2Application in 2.88 seconds (process running for 3.49)
2024-10-01T15:54:18.943+03:00  INFO 25216 --- [PracticalGuide_2] [main] c.e.p.PracticalGuide2Application         : Starting PracticalGuide2Application using Java 21.0.1 with PID 25216 (C:\Users\RedmiBook\IdeaProjects\ReactiveSpringDemo\PracticalGuide_2\build\classes\java\main started by RedmiBook in C:\Users\RedmiBook\IdeaProjects\ReactiveSpringDemo)
2024-10-01T15:54:18.945+03:00  INFO 25216 --- [PracticalGuide_2] [main] c.e.p.PracticalGuide2Application         : No active profile set, falling back to 1 default profile: "default"
2024-10-01T15:54:19.366+03:00  INFO 25216 --- [PracticalGuide_2] [main] .s.d.r.c.RepositoryConfigurationDelegate : Multiple Spring Data modules found, entering strict repository configuration mode
2024-10-01T15:54:19.368+03:00  INFO 25216 --- [PracticalGuide_2] [main] .s.d.r.c.RepositoryConfigurationDelegate : Bootstrapping Spring Data R2DBC repositories in DEFAULT mode.
2024-10-01T15:54:19.470+03:00  INFO 25216 --- [PracticalGuide_2] [main] .s.d.r.c.RepositoryConfigurationDelegate : Finished Spring Data repository scanning in 99 ms. Found 1 R2DBC repository interface.
2024-10-01T15:54:20.743+03:00  INFO 25216 --- [PracticalGuide_2] [main] liquibase.database                       : Set default schema name to public
2024-10-01T15:54:20.967+03:00  INFO 25216 --- [PracticalGuide_2] [main] liquibase.changelog                      : Reading from public.databasechangelog
2024-10-01T15:54:20.999+03:00  INFO 25216 --- [PracticalGuide_2] [main] liquibase.ui                             : Database is up to date, no changesets to execute
2024-10-01T15:54:21.001+03:00  INFO 25216 --- [PracticalGuide_2] [main] liquibase.changelog                      : Reading from public.databasechangelog
2024-10-01T15:54:21.006+03:00  INFO 25216 --- [PracticalGuide_2] [main] liquibase.util                           : UPDATE SUMMARY
2024-10-01T15:54:21.006+03:00  INFO 25216 --- [PracticalGuide_2] [main] liquibase.util                           : Run:                          0
2024-10-01T15:54:21.006+03:00  INFO 25216 --- [PracticalGuide_2] [main] liquibase.util                           : Previously run:               2
2024-10-01T15:54:21.006+03:00  INFO 25216 --- [PracticalGuide_2] [main] liquibase.util                           : Filtered out:                 0
2024-10-01T15:54:21.006+03:00  INFO 25216 --- [PracticalGuide_2] [main] liquibase.util                           : -------------------------------
2024-10-01T15:54:21.006+03:00  INFO 25216 --- [PracticalGuide_2] [main] liquibase.util                           : Total change sets:            2
2024-10-01T15:54:21.007+03:00  INFO 25216 --- [PracticalGuide_2] [main] liquibase.util                           : Update summary generated
2024-10-01T15:54:21.022+03:00  INFO 25216 --- [PracticalGuide_2] [main] liquibase.lockservice                    : Successfully released change log lock
2024-10-01T15:54:21.023+03:00  INFO 25216 --- [PracticalGuide_2] [main] liquibase.command                        : Command execution complete
2024-10-01T15:54:21.146+03:00  INFO 25216 --- [PracticalGuide_2] [main] o.s.b.web.embedded.netty.NettyWebServer  : Netty started on port 8080 (http)
2024-10-01T15:54:21.151+03:00  INFO 25216 --- [PracticalGuide_2] [main] c.e.p.PracticalGuide2Application         : Started PracticalGuide2Application in 2.552 seconds (process running for 3.085)
2024-10-01T15:55:47.443+03:00  INFO 2180 --- [PracticalGuide_2] [main] c.e.p.PracticalGuide2Application         : Starting PracticalGuide2Application using Java 21.0.1 with PID 2180 (C:\Users\RedmiBook\IdeaProjects\ReactiveSpringDemo\PracticalGuide_2\build\classes\java\main started by RedmiBook in C:\Users\RedmiBook\IdeaProjects\ReactiveSpringDemo)
2024-10-01T15:55:47.446+03:00  INFO 2180 --- [PracticalGuide_2] [main] c.e.p.PracticalGuide2Application         : No active profile set, falling back to 1 default profile: "default"
2024-10-01T15:55:47.910+03:00  INFO 2180 --- [PracticalGuide_2] [main] .s.d.r.c.RepositoryConfigurationDelegate : Multiple Spring Data modules found, entering strict repository configuration mode
2024-10-01T15:55:47.912+03:00  INFO 2180 --- [PracticalGuide_2] [main] .s.d.r.c.RepositoryConfigurationDelegate : Bootstrapping Spring Data R2DBC repositories in DEFAULT mode.
2024-10-01T15:55:48.020+03:00  INFO 2180 --- [PracticalGuide_2] [main] .s.d.r.c.RepositoryConfigurationDelegate : Finished Spring Data repository scanning in 105 ms. Found 1 R2DBC repository interface.
2024-10-01T15:55:49.085+03:00  INFO 2180 --- [PracticalGuide_2] [main] liquibase.database                       : Set default schema name to public
2024-10-01T15:55:49.325+03:00  INFO 2180 --- [PracticalGuide_2] [main] liquibase.changelog                      : Reading from public.databasechangelog
2024-10-01T15:55:49.346+03:00  INFO 2180 --- [PracticalGuide_2] [main] liquibase.ui                             : Database is up to date, no changesets to execute
2024-10-01T15:55:49.347+03:00  INFO 2180 --- [PracticalGuide_2] [main] liquibase.changelog                      : Reading from public.databasechangelog
2024-10-01T15:55:49.353+03:00  INFO 2180 --- [PracticalGuide_2] [main] liquibase.util                           : UPDATE SUMMARY
2024-10-01T15:55:49.353+03:00  INFO 2180 --- [PracticalGuide_2] [main] liquibase.util                           : Run:                          0
2024-10-01T15:55:49.354+03:00  INFO 2180 --- [PracticalGuide_2] [main] liquibase.util                           : Previously run:               2
2024-10-01T15:55:49.354+03:00  INFO 2180 --- [PracticalGuide_2] [main] liquibase.util                           : Filtered out:                 0
2024-10-01T15:55:49.354+03:00  INFO 2180 --- [PracticalGuide_2] [main] liquibase.util                           : -------------------------------
2024-10-01T15:55:49.354+03:00  INFO 2180 --- [PracticalGuide_2] [main] liquibase.util                           : Total change sets:            2
2024-10-01T15:55:49.354+03:00  INFO 2180 --- [PracticalGuide_2] [main] liquibase.util                           : Update summary generated
2024-10-01T15:55:49.368+03:00  INFO 2180 --- [PracticalGuide_2] [main] liquibase.lockservice                    : Successfully released change log lock
2024-10-01T15:55:49.370+03:00  INFO 2180 --- [PracticalGuide_2] [main] liquibase.command                        : Command execution complete
2024-10-01T15:55:49.501+03:00  INFO 2180 --- [PracticalGuide_2] [main] o.s.b.web.embedded.netty.NettyWebServer  : Netty started on port 8080 (http)
2024-10-01T15:55:49.506+03:00  INFO 2180 --- [PracticalGuide_2] [main] c.e.p.PracticalGuide2Application         : Started PracticalGuide2Application in 2.403 seconds (process running for 2.895)
2024-10-01T15:58:26.157+03:00  INFO 10068 --- [PracticalGuide_2] [main] c.e.p.PracticalGuide2Application         : Starting PracticalGuide2Application using Java 21.0.1 with PID 10068 (C:\Users\RedmiBook\IdeaProjects\ReactiveSpringDemo\PracticalGuide_2\build\classes\java\main started by RedmiBook in C:\Users\RedmiBook\IdeaProjects\ReactiveSpringDemo)
2024-10-01T15:58:26.159+03:00  INFO 10068 --- [PracticalGuide_2] [main] c.e.p.PracticalGuide2Application         : No active profile set, falling back to 1 default profile: "default"
2024-10-01T15:58:26.585+03:00  INFO 10068 --- [PracticalGuide_2] [main] .s.d.r.c.RepositoryConfigurationDelegate : Multiple Spring Data modules found, entering strict repository configuration mode
2024-10-01T15:58:26.587+03:00  INFO 10068 --- [PracticalGuide_2] [main] .s.d.r.c.RepositoryConfigurationDelegate : Bootstrapping Spring Data R2DBC repositories in DEFAULT mode.
2024-10-01T15:58:26.686+03:00  INFO 10068 --- [PracticalGuide_2] [main] .s.d.r.c.RepositoryConfigurationDelegate : Finished Spring Data repository scanning in 95 ms. Found 1 R2DBC repository interface.
2024-10-01T15:58:27.788+03:00  INFO 10068 --- [PracticalGuide_2] [main] liquibase.database                       : Set default schema name to public
2024-10-01T15:58:28.056+03:00  INFO 10068 --- [PracticalGuide_2] [main] liquibase.changelog                      : Reading from public.databasechangelog
2024-10-01T15:58:28.078+03:00  INFO 10068 --- [PracticalGuide_2] [main] liquibase.ui                             : Database is up to date, no changesets to execute
2024-10-01T15:58:28.080+03:00  INFO 10068 --- [PracticalGuide_2] [main] liquibase.changelog                      : Reading from public.databasechangelog
2024-10-01T15:58:28.086+03:00  INFO 10068 --- [PracticalGuide_2] [main] liquibase.util                           : UPDATE SUMMARY
2024-10-01T15:58:28.086+03:00  INFO 10068 --- [PracticalGuide_2] [main] liquibase.util                           : Run:                          0
2024-10-01T15:58:28.086+03:00  INFO 10068 --- [PracticalGuide_2] [main] liquibase.util                           : Previously run:               2
2024-10-01T15:58:28.086+03:00  INFO 10068 --- [PracticalGuide_2] [main] liquibase.util                           : Filtered out:                 0
2024-10-01T15:58:28.086+03:00  INFO 10068 --- [PracticalGuide_2] [main] liquibase.util                           : -------------------------------
2024-10-01T15:58:28.086+03:00  INFO 10068 --- [PracticalGuide_2] [main] liquibase.util                           : Total change sets:            2
2024-10-01T15:58:28.087+03:00  INFO 10068 --- [PracticalGuide_2] [main] liquibase.util                           : Update summary generated
2024-10-01T15:58:28.102+03:00  INFO 10068 --- [PracticalGuide_2] [main] liquibase.lockservice                    : Successfully released change log lock
2024-10-01T15:58:28.104+03:00  INFO 10068 --- [PracticalGuide_2] [main] liquibase.command                        : Command execution complete
2024-10-01T15:58:28.244+03:00  INFO 10068 --- [PracticalGuide_2] [main] o.s.b.web.embedded.netty.NettyWebServer  : Netty started on port 8080 (http)
2024-10-01T15:58:28.249+03:00  INFO 10068 --- [PracticalGuide_2] [main] c.e.p.PracticalGuide2Application         : Started PracticalGuide2Application in 2.43 seconds (process running for 2.909)
